This file contains any messages produced by compilers while
running configure, to aid debugging if configure makes a mistake.

It was created by mastik configure 0.02, which was
generated by GNU Autoconf 2.69.  Invocation command line was

  $ ./configure 

## --------- ##
## Platform. ##
## --------- ##

hostname = i7-9700k
uname -m = x86_64
uname -r = 5.4.0-216-generic
uname -s = Linux
uname -v = #236-Ubuntu SMP Fri Apr 11 19:53:21 UTC 2025

/usr/bin/uname -p = unknown
/bin/uname -X     = unknown

/bin/arch              = unknown
/usr/bin/arch -k       = unknown
/usr/convex/getsysinfo = unknown
/usr/bin/hostinfo      = unknown
/bin/machine           = unknown
/usr/bin/oslevel       = unknown
/bin/universe          = unknown

PATH: /home/ubu/.vscode-server/data/User/globalStorage/github.copilot-chat/debugCommand
PATH: /home/ubu/.vscode-server/data/User/globalStorage/github.copilot-chat/copilotCli
PATH: /home/ubu/.vscode-server/cli/servers/Stable-94e8ae2b28cb5cc932b86e1070569c4463565c37/server/bin/remote-cli
PATH: /home/ubu/.local/share/umake/bin
PATH: /home/ubu/.local/bin
PATH: /home/ubu/bin
PATH: /home/ubu/anaconda3/envs/PC37/bin
PATH: /home/ubu/anaconda3/condabin
PATH: /usr/local/sbin
PATH: /usr/local/bin
PATH: /usr/sbin
PATH: /usr/bin
PATH: /sbin
PATH: /bin
PATH: /usr/games
PATH: /usr/local/games
PATH: /snap/bin
PATH: /opt/intel/sgxsdk/bin
PATH: /opt/intel/sgxsdk/bin/x64
PATH: /home/ubu/.local/share/JetBrains/Toolbox/scripts
PATH: /opt/intel/sgxsdk/bin
PATH: /opt/intel/sgxsdk/bin/x64


## ----------- ##
## Core tests. ##
## ----------- ##

configure:2324: checking for gcc
configure:2340: found /usr/bin/gcc
configure:2351: result: gcc
configure:2580: checking for C compiler version
configure:2589: gcc --version >&5
gcc (Ubuntu 9.4.0-1ubuntu1~20.04.2) 9.4.0
Copyright (C) 2019 Free Software Foundation, Inc.
This is free software; see the source for copying conditions.  There is NO
warranty; not even for MERCHANTABILITY or FITNESS FOR A PARTICULAR PURPOSE.

configure:2600: $? = 0
configure:2589: gcc -v >&5
Using built-in specs.
COLLECT_GCC=gcc
COLLECT_LTO_WRAPPER=/usr/lib/gcc/x86_64-linux-gnu/9/lto-wrapper
OFFLOAD_TARGET_NAMES=nvptx-none:hsa
OFFLOAD_TARGET_DEFAULT=1
Target: x86_64-linux-gnu
Configured with: ../src/configure -v --with-pkgversion='Ubuntu 9.4.0-1ubuntu1~20.04.2' --with-bugurl=file:///usr/share/doc/gcc-9/README.Bugs --enable-languages=c,ada,c++,go,brig,d,fortran,objc,obj-c++,gm2 --prefix=/usr --with-gcc-major-version-only --program-suffix=-9 --program-prefix=x86_64-linux-gnu- --enable-shared --enable-linker-build-id --libexecdir=/usr/lib --without-included-gettext --enable-threads=posix --libdir=/usr/lib --enable-nls --enable-clocale=gnu --enable-libstdcxx-debug --enable-libstdcxx-time=yes --with-default-libstdcxx-abi=new --enable-gnu-unique-object --disable-vtable-verify --enable-plugin --enable-default-pie --with-system-zlib --with-target-system-zlib=auto --enable-objc-gc=auto --enable-multiarch --disable-werror --with-arch-32=i686 --with-abi=m64 --with-multilib-list=m32,m64,mx32 --enable-multilib --with-tune=generic --enable-offload-targets=nvptx-none=/build/gcc-9-9QDOt0/gcc-9-9.4.0/debian/tmp-nvptx/usr,hsa --without-cuda-driver --enable-checking=release --build=x86_64-linux-gnu --host=x86_64-linux-gnu --target=x86_64-linux-gnu
Thread model: posix
gcc version 9.4.0 (Ubuntu 9.4.0-1ubuntu1~20.04.2) 
configure:2600: $? = 0
configure:2589: gcc -V >&5
gcc: error: unrecognized command line option '-V'
gcc: fatal error: no input files
compilation terminated.
configure:2600: $? = 1
configure:2589: gcc -qversion >&5
gcc: error: unrecognized command line option '-qversion'; did you mean '--version'?
gcc: fatal error: no input files
compilation terminated.
configure:2600: $? = 1
configure:2620: checking whether the C compiler works
configure:2642: gcc    conftest.c  >&5
configure:2646: $? = 0
configure:2694: result: yes
configure:2697: checking for C compiler default output file name
configure:2699: result: a.out
configure:2705: checking for suffix of executables
configure:2712: gcc -o conftest    conftest.c  >&5
configure:2716: $? = 0
configure:2738: result: 
configure:2760: checking whether we are cross compiling
configure:2768: gcc -o conftest    conftest.c  >&5
configure:2772: $? = 0
configure:2779: ./conftest
configure:2783: $? = 0
configure:2771: result: no
configure:2776: checking for suffix of object files
configure:2798: gcc -c   conftest.c >&5
configure:2802: $? = 0
configure:2823: result: o
configure:2827: checking whether we are using the GNU C compiler
configure:2846: gcc -c   conftest.c >&5
configure:2846: $? = 0
configure:2855: result: yes
configure:2864: checking whether gcc accepts -g
configure:2884: gcc -c -g  conftest.c >&5
configure:2884: $? = 0
configure:2925: result: yes
configure:2942: checking for gcc option to accept ISO C89
configure:3005: gcc  -c -g -O2  conftest.c >&5
configure:3005: $? = 0
configure:3018: result: none needed
configure:3041: checking for bfd_init in -lbfd
configure:3066: gcc -o conftest -g -O2   conftest.c -lbfd   >&5
configure:3066: $? = 0
configure:3075: result: yes
configure:3086: checking for elf_version in -lelf
configure:3111: gcc -o conftest -g -O2   conftest.c -lelf  -lbfd  >&5
configure:3111: $? = 0
configure:3120: result: yes
configure:3131: checking for dwarf_init in -ldwarf
configure:3156: gcc -o conftest -g -O2   conftest.c -ldwarf  -lelf -lbfd  >&5
configure:3156: $? = 0
configure:3165: result: yes
configure:3185: checking how to run the C preprocessor
configure:3216: gcc -E  conftest.c
configure:3216: $? = 0
configure:3230: gcc -E  conftest.c
conftest.c:12:10: fatal error: ac_nonexistent.h: No such file or directory
   12 | #include <ac_nonexistent.h>
      |          ^~~~~~~~~~~~~~~~~~
compilation terminated.
configure:3230: $? = 1
configure: failed program was:
| /* confdefs.h */
| #define PACKAGE_NAME "mastik"
| #define PACKAGE_TARNAME "mastik"
| #define PACKAGE_VERSION "0.02"
| #define PACKAGE_STRING "mastik 0.02"
| #define PACKAGE_BUGREPORT "yval@cs.adelaide.edu.au"
| #define PACKAGE_URL ""
| #define HAVE_LIBBFD 1
| #define HAVE_LIBELF 1
| #define HAVE_LIBDWARF 1
| /* end confdefs.h.  */
| #include <ac_nonexistent.h>
configure:3255: result: gcc -E
configure:3275: gcc -E  conftest.c
configure:3275: $? = 0
configure:3289: gcc -E  conftest.c
conftest.c:12:10: fatal error: ac_nonexistent.h: No such file or directory
   12 | #include <ac_nonexistent.h>
      |          ^~~~~~~~~~~~~~~~~~
compilation terminated.
configure:3289: $? = 1
configure: failed program was:
| /* confdefs.h */
| #define PACKAGE_NAME "mastik"
| #define PACKAGE_TARNAME "mastik"
| #define PACKAGE_VERSION "0.02"
| #define PACKAGE_STRING "mastik 0.02"
| #define PACKAGE_BUGREPORT "yval@cs.adelaide.edu.au"
| #define PACKAGE_URL ""
| #define HAVE_LIBBFD 1
| #define HAVE_LIBELF 1
| #define HAVE_LIBDWARF 1
| /* end confdefs.h.  */
| #include <ac_nonexistent.h>
configure:3318: checking for grep that handles long lines and -e
configure:3376: result: /bin/grep
configure:3381: checking for egrep
configure:3443: result: /bin/grep -E
configure:3448: checking for ANSI C header files
configure:3468: gcc -c -g -O2  conftest.c >&5
configure:3468: $? = 0
configure:3541: gcc -o conftest -g -O2   conftest.c -ldwarf -lelf -lbfd  >&5
configure:3541: $? = 0
configure:3541: ./conftest
configure:3541: $? = 0
configure:3552: result: yes
configure:3565: checking for sys/types.h
configure:3565: gcc -c -g -O2  conftest.c >&5
configure:3565: $? = 0
configure:3565: result: yes
configure:3565: checking for sys/stat.h
configure:3565: gcc -c -g -O2  conftest.c >&5
configure:3565: $? = 0
configure:3565: result: yes
configure:3565: checking for stdlib.h
configure:3565: gcc -c -g -O2  conftest.c >&5
configure:3565: $? = 0
configure:3565: result: yes
configure:3565: checking for string.h
configure:3565: gcc -c -g -O2  conftest.c >&5
configure:3565: $? = 0
configure:3565: result: yes
configure:3565: checking for memory.h
configure:3565: gcc -c -g -O2  conftest.c >&5
configure:3565: $? = 0
configure:3565: result: yes
configure:3565: checking for strings.h
configure:3565: gcc -c -g -O2  conftest.c >&5
configure:3565: $? = 0
configure:3565: result: yes
configure:3565: checking for inttypes.h
configure:3565: gcc -c -g -O2  conftest.c >&5
configure:3565: $? = 0
configure:3565: result: yes
configure:3565: checking for stdint.h
configure:3565: gcc -c -g -O2  conftest.c >&5
configure:3565: $? = 0
configure:3565: result: yes
configure:3565: checking for unistd.h
configure:3565: gcc -c -g -O2  conftest.c >&5
configure:3565: $? = 0
configure:3565: result: yes
configure:3580: checking fcntl.h usability
configure:3580: gcc -c -g -O2  conftest.c >&5
configure:3580: $? = 0
configure:3580: result: yes
configure:3580: checking fcntl.h presence
configure:3580: gcc -E  conftest.c
configure:3580: $? = 0
configure:3580: result: yes
configure:3580: checking for fcntl.h
configure:3580: result: yes
configure:3580: checking for stdint.h
configure:3580: result: yes
configure:3580: checking for stdlib.h
configure:3580: result: yes
configure:3580: checking for string.h
configure:3580: result: yes
configure:3580: checking for strings.h
configure:3580: result: yes
configure:3580: checking for unistd.h
configure:3580: result: yes
configure:3580: checking sched.h usability
configure:3580: gcc -c -g -O2  conftest.c >&5
configure:3580: $? = 0
configure:3580: result: yes
configure:3580: checking sched.h presence
configure:3580: gcc -E  conftest.c
configure:3580: $? = 0
configure:3580: result: yes
configure:3580: checking for sched.h
configure:3580: result: yes
configure:3580: checking sys/prctl.h usability
configure:3580: gcc -c -g -O2  conftest.c >&5
configure:3580: $? = 0
configure:3580: result: yes
configure:3580: checking sys/prctl.h presence
configure:3580: gcc -E  conftest.c
configure:3580: $? = 0
configure:3580: result: yes
configure:3580: checking for sys/prctl.h
configure:3580: result: yes
configure:3592: checking bfd.h usability
configure:3592: gcc -c -g -O2  conftest.c >&5
configure:3592: $? = 0
configure:3592: result: yes
configure:3592: checking bfd.h presence
configure:3592: gcc -E  conftest.c
configure:3592: $? = 0
configure:3592: result: yes
configure:3592: checking for bfd.h
configure:3592: result: yes
configure:3612: checking libdwarf.h usability
configure:3612: gcc -c -g -O2  conftest.c >&5
conftest.c:65:10: fatal error: libdwarf.h: No such file or directory
   65 | #include <libdwarf.h>
      |          ^~~~~~~~~~~~
compilation terminated.
configure:3612: $? = 1
configure: failed program was:
| /* confdefs.h */
| #define PACKAGE_NAME "mastik"
| #define PACKAGE_TARNAME "mastik"
| #define PACKAGE_VERSION "0.02"
| #define PACKAGE_STRING "mastik 0.02"
| #define PACKAGE_BUGREPORT "yval@cs.adelaide.edu.au"
| #define PACKAGE_URL ""
| #define HAVE_LIBBFD 1
| #define HAVE_LIBELF 1
| #define HAVE_LIBDWARF 1
| #define STDC_HEADERS 1
| #define HAVE_SYS_TYPES_H 1
| #define HAVE_SYS_STAT_H 1
| #define HAVE_STDLIB_H 1
| #define HAVE_STRING_H 1
| #define HAVE_MEMORY_H 1
| #define HAVE_STRINGS_H 1
| #define HAVE_INTTYPES_H 1
| #define HAVE_STDINT_H 1
| #define HAVE_UNISTD_H 1
| #define HAVE_FCNTL_H 1
| #define HAVE_STDINT_H 1
| #define HAVE_STDLIB_H 1
| #define HAVE_STRING_H 1
| #define HAVE_STRINGS_H 1
| #define HAVE_UNISTD_H 1
| #define HAVE_SCHED_H 1
| #define HAVE_SYS_PRCTL_H 1
| #define HAVE_BFD_H 1
| #define HAVE_SYMBOLS 1
| /* end confdefs.h.  */
| #include <stdio.h>
| #ifdef HAVE_SYS_TYPES_H
| # include <sys/types.h>
| #endif
| #ifdef HAVE_SYS_STAT_H
| # include <sys/stat.h>
| #endif
| #ifdef STDC_HEADERS
| # include <stdlib.h>
| # include <stddef.h>
| #else
| # ifdef HAVE_STDLIB_H
| #  include <stdlib.h>
| # endif
| #endif
| #ifdef HAVE_STRING_H
| # if !defined STDC_HEADERS && defined HAVE_MEMORY_H
| #  include <memory.h>
| # endif
| # include <string.h>
| #endif
| #ifdef HAVE_STRINGS_H
| # include <strings.h>
| #endif
| #ifdef HAVE_INTTYPES_H
| # include <inttypes.h>
| #endif
| #ifdef HAVE_STDINT_H
| # include <stdint.h>
| #endif
| #ifdef HAVE_UNISTD_H
| # include <unistd.h>
| #endif
| #include <libdwarf.h>
configure:3612: result: no
configure:3612: checking libdwarf.h presence
configure:3612: gcc -E  conftest.c
conftest.c:32:10: fatal error: libdwarf.h: No such file or directory
   32 | #include <libdwarf.h>
      |          ^~~~~~~~~~~~
compilation terminated.
configure:3612: $? = 1
configure: failed program was:
| /* confdefs.h */
| #define PACKAGE_NAME "mastik"
| #define PACKAGE_TARNAME "mastik"
| #define PACKAGE_VERSION "0.02"
| #define PACKAGE_STRING "mastik 0.02"
| #define PACKAGE_BUGREPORT "yval@cs.adelaide.edu.au"
| #define PACKAGE_URL ""
| #define HAVE_LIBBFD 1
| #define HAVE_LIBELF 1
| #define HAVE_LIBDWARF 1
| #define STDC_HEADERS 1
| #define HAVE_SYS_TYPES_H 1
| #define HAVE_SYS_STAT_H 1
| #define HAVE_STDLIB_H 1
| #define HAVE_STRING_H 1
| #define HAVE_MEMORY_H 1
| #define HAVE_STRINGS_H 1
| #define HAVE_INTTYPES_H 1
| #define HAVE_STDINT_H 1
| #define HAVE_UNISTD_H 1
| #define HAVE_FCNTL_H 1
| #define HAVE_STDINT_H 1
| #define HAVE_STDLIB_H 1
| #define HAVE_STRING_H 1
| #define HAVE_STRINGS_H 1
| #define HAVE_UNISTD_H 1
| #define HAVE_SCHED_H 1
| #define HAVE_SYS_PRCTL_H 1
| #define HAVE_BFD_H 1
| #define HAVE_SYMBOLS 1
| /* end confdefs.h.  */
| #include <libdwarf.h>
configure:3612: result: no
configure:3612: checking for libdwarf.h
configure:3612: result: no
configure:3612: checking libdwarf/libdwarf.h usability
configure:3612: gcc -c -g -O2  conftest.c >&5
configure:3612: $? = 0
configure:3612: result: yes
configure:3612: checking libdwarf/libdwarf.h presence
configure:3612: gcc -E  conftest.c
configure:3612: $? = 0
configure:3612: result: yes
configure:3612: checking for libdwarf/libdwarf.h
configure:3612: result: yes
configure:3649: checking for inline
configure:3665: gcc -c -g -O2  conftest.c >&5
configure:3665: $? = 0
configure:3673: result: inline
configure:3691: checking for int16_t
configure:3691: gcc -c -g -O2  conftest.c >&5
configure:3691: $? = 0
configure:3691: gcc -c -g -O2  conftest.c >&5
conftest.c: In function 'main':
conftest.c:71:12: error: size of array 'test_array' is negative
   71 | static int test_array [1 - 2 * !((int16_t) (((((int16_t) 1 << N) << N) - 1) * 2 + 1)
      |            ^~~~~~~~~~
configure:3691: $? = 1
configure: failed program was:
| /* confdefs.h */
| #define PACKAGE_NAME "mastik"
| #define PACKAGE_TARNAME "mastik"
| #define PACKAGE_VERSION "0.02"
| #define PACKAGE_STRING "mastik 0.02"
| #define PACKAGE_BUGREPORT "yval@cs.adelaide.edu.au"
| #define PACKAGE_URL ""
| #define HAVE_LIBBFD 1
| #define HAVE_LIBELF 1
| #define HAVE_LIBDWARF 1
| #define STDC_HEADERS 1
| #define HAVE_SYS_TYPES_H 1
| #define HAVE_SYS_STAT_H 1
| #define HAVE_STDLIB_H 1
| #define HAVE_STRING_H 1
| #define HAVE_MEMORY_H 1
| #define HAVE_STRINGS_H 1
| #define HAVE_INTTYPES_H 1
| #define HAVE_STDINT_H 1
| #define HAVE_UNISTD_H 1
| #define HAVE_FCNTL_H 1
| #define HAVE_STDINT_H 1
| #define HAVE_STDLIB_H 1
| #define HAVE_STRING_H 1
| #define HAVE_STRINGS_H 1
| #define HAVE_UNISTD_H 1
| #define HAVE_SCHED_H 1
| #define HAVE_SYS_PRCTL_H 1
| #define HAVE_BFD_H 1
| #define HAVE_SYMBOLS 1
| #define HAVE_LIBDWARF_LIBDWARF_H 1
| #define HAVE_DWARF 1
| /* end confdefs.h.  */
| #include <stdio.h>
| #ifdef HAVE_SYS_TYPES_H
| # include <sys/types.h>
| #endif
| #ifdef HAVE_SYS_STAT_H
| # include <sys/stat.h>
| #endif
| #ifdef STDC_HEADERS
| # include <stdlib.h>
| # include <stddef.h>
| #else
| # ifdef HAVE_STDLIB_H
| #  include <stdlib.h>
| # endif
| #endif
| #ifdef HAVE_STRING_H
| # if !defined STDC_HEADERS && defined HAVE_MEMORY_H
| #  include <memory.h>
| # endif
| # include <string.h>
| #endif
| #ifdef HAVE_STRINGS_H
| # include <strings.h>
| #endif
| #ifdef HAVE_INTTYPES_H
| # include <inttypes.h>
| #endif
| #ifdef HAVE_STDINT_H
| # include <stdint.h>
| #endif
| #ifdef HAVE_UNISTD_H
| # include <unistd.h>
| #endif
| 	        enum { N = 16 / 2 - 1 };
| int
| main ()
| {
| static int test_array [1 - 2 * !((int16_t) (((((int16_t) 1 << N) << N) - 1) * 2 + 1)
| 		 < (int16_t) (((((int16_t) 1 << N) << N) - 1) * 2 + 2))];
| test_array [0] = 0;
| return test_array [0];
| 
|   ;
|   return 0;
| }
configure:3691: result: yes
configure:3702: checking for pid_t
configure:3702: gcc -c -g -O2  conftest.c >&5
configure:3702: $? = 0
configure:3702: gcc -c -g -O2  conftest.c >&5
conftest.c: In function 'main':
conftest.c:70:20: error: expected expression before ')' token
   70 | if (sizeof ((pid_t)))
      |                    ^
configure:3702: $? = 1
configure: failed program was:
| /* confdefs.h */
| #define PACKAGE_NAME "mastik"
| #define PACKAGE_TARNAME "mastik"
| #define PACKAGE_VERSION "0.02"
| #define PACKAGE_STRING "mastik 0.02"
| #define PACKAGE_BUGREPORT "yval@cs.adelaide.edu.au"
| #define PACKAGE_URL ""
| #define HAVE_LIBBFD 1
| #define HAVE_LIBELF 1
| #define HAVE_LIBDWARF 1
| #define STDC_HEADERS 1
| #define HAVE_SYS_TYPES_H 1
| #define HAVE_SYS_STAT_H 1
| #define HAVE_STDLIB_H 1
| #define HAVE_STRING_H 1
| #define HAVE_MEMORY_H 1
| #define HAVE_STRINGS_H 1
| #define HAVE_INTTYPES_H 1
| #define HAVE_STDINT_H 1
| #define HAVE_UNISTD_H 1
| #define HAVE_FCNTL_H 1
| #define HAVE_STDINT_H 1
| #define HAVE_STDLIB_H 1
| #define HAVE_STRING_H 1
| #define HAVE_STRINGS_H 1
| #define HAVE_UNISTD_H 1
| #define HAVE_SCHED_H 1
| #define HAVE_SYS_PRCTL_H 1
| #define HAVE_BFD_H 1
| #define HAVE_SYMBOLS 1
| #define HAVE_LIBDWARF_LIBDWARF_H 1
| #define HAVE_DWARF 1
| /* end confdefs.h.  */
| #include <stdio.h>
| #ifdef HAVE_SYS_TYPES_H
| # include <sys/types.h>
| #endif
| #ifdef HAVE_SYS_STAT_H
| # include <sys/stat.h>
| #endif
| #ifdef STDC_HEADERS
| # include <stdlib.h>
| # include <stddef.h>
| #else
| # ifdef HAVE_STDLIB_H
| #  include <stdlib.h>
| # endif
| #endif
| #ifdef HAVE_STRING_H
| # if !defined STDC_HEADERS && defined HAVE_MEMORY_H
| #  include <memory.h>
| # endif
| # include <string.h>
| #endif
| #ifdef HAVE_STRINGS_H
| # include <strings.h>
| #endif
| #ifdef HAVE_INTTYPES_H
| # include <inttypes.h>
| #endif
| #ifdef HAVE_STDINT_H
| # include <stdint.h>
| #endif
| #ifdef HAVE_UNISTD_H
| # include <unistd.h>
| #endif
| int
| main ()
| {
| if (sizeof ((pid_t)))
| 	    return 0;
|   ;
|   return 0;
| }
configure:3702: result: yes
configure:3713: checking for size_t
configure:3713: gcc -c -g -O2  conftest.c >&5
configure:3713: $? = 0
configure:3713: gcc -c -g -O2  conftest.c >&5
conftest.c: In function 'main':
conftest.c:70:21: error: expected expression before ')' token
   70 | if (sizeof ((size_t)))
      |                     ^
configure:3713: $? = 1
configure: failed program was:
| /* confdefs.h */
| #define PACKAGE_NAME "mastik"
| #define PACKAGE_TARNAME "mastik"
| #define PACKAGE_VERSION "0.02"
| #define PACKAGE_STRING "mastik 0.02"
| #define PACKAGE_BUGREPORT "yval@cs.adelaide.edu.au"
| #define PACKAGE_URL ""
| #define HAVE_LIBBFD 1
| #define HAVE_LIBELF 1
| #define HAVE_LIBDWARF 1
| #define STDC_HEADERS 1
| #define HAVE_SYS_TYPES_H 1
| #define HAVE_SYS_STAT_H 1
| #define HAVE_STDLIB_H 1
| #define HAVE_STRING_H 1
| #define HAVE_MEMORY_H 1
| #define HAVE_STRINGS_H 1
| #define HAVE_INTTYPES_H 1
| #define HAVE_STDINT_H 1
| #define HAVE_UNISTD_H 1
| #define HAVE_FCNTL_H 1
| #define HAVE_STDINT_H 1
| #define HAVE_STDLIB_H 1
| #define HAVE_STRING_H 1
| #define HAVE_STRINGS_H 1
| #define HAVE_UNISTD_H 1
| #define HAVE_SCHED_H 1
| #define HAVE_SYS_PRCTL_H 1
| #define HAVE_BFD_H 1
| #define HAVE_SYMBOLS 1
| #define HAVE_LIBDWARF_LIBDWARF_H 1
| #define HAVE_DWARF 1
| /* end confdefs.h.  */
| #include <stdio.h>
| #ifdef HAVE_SYS_TYPES_H
| # include <sys/types.h>
| #endif
| #ifdef HAVE_SYS_STAT_H
| # include <sys/stat.h>
| #endif
| #ifdef STDC_HEADERS
| # include <stdlib.h>
| # include <stddef.h>
| #else
| # ifdef HAVE_STDLIB_H
| #  include <stdlib.h>
| # endif
| #endif
| #ifdef HAVE_STRING_H
| # if !defined STDC_HEADERS && defined HAVE_MEMORY_H
| #  include <memory.h>
| # endif
| # include <string.h>
| #endif
| #ifdef HAVE_STRINGS_H
| # include <strings.h>
| #endif
| #ifdef HAVE_INTTYPES_H
| # include <inttypes.h>
| #endif
| #ifdef HAVE_STDINT_H
| # include <stdint.h>
| #endif
| #ifdef HAVE_UNISTD_H
| # include <unistd.h>
| #endif
| int
| main ()
| {
| if (sizeof ((size_t)))
| 	    return 0;
|   ;
|   return 0;
| }
configure:3713: result: yes
configure:3724: checking for uint16_t
configure:3724: gcc -c -g -O2  conftest.c >&5
configure:3724: $? = 0
configure:3724: result: yes
configure:3736: checking for uint32_t
configure:3736: gcc -c -g -O2  conftest.c >&5
configure:3736: $? = 0
configure:3736: result: yes
configure:3750: checking for uint64_t
configure:3750: gcc -c -g -O2  conftest.c >&5
configure:3750: $? = 0
configure:3750: result: yes
configure:3764: checking for uint8_t
configure:3764: gcc -c -g -O2  conftest.c >&5
configure:3764: $? = 0
configure:3764: result: yes
configure:3782: checking vfork.h usability
configure:3782: gcc -c -g -O2  conftest.c >&5
conftest.c:67:10: fatal error: vfork.h: No such file or directory
   67 | #include <vfork.h>
      |          ^~~~~~~~~
compilation terminated.
configure:3782: $? = 1
configure: failed program was:
| /* confdefs.h */
| #define PACKAGE_NAME "mastik"
| #define PACKAGE_TARNAME "mastik"
| #define PACKAGE_VERSION "0.02"
| #define PACKAGE_STRING "mastik 0.02"
| #define PACKAGE_BUGREPORT "yval@cs.adelaide.edu.au"
| #define PACKAGE_URL ""
| #define HAVE_LIBBFD 1
| #define HAVE_LIBELF 1
| #define HAVE_LIBDWARF 1
| #define STDC_HEADERS 1
| #define HAVE_SYS_TYPES_H 1
| #define HAVE_SYS_STAT_H 1
| #define HAVE_STDLIB_H 1
| #define HAVE_STRING_H 1
| #define HAVE_MEMORY_H 1
| #define HAVE_STRINGS_H 1
| #define HAVE_INTTYPES_H 1
| #define HAVE_STDINT_H 1
| #define HAVE_UNISTD_H 1
| #define HAVE_FCNTL_H 1
| #define HAVE_STDINT_H 1
| #define HAVE_STDLIB_H 1
| #define HAVE_STRING_H 1
| #define HAVE_STRINGS_H 1
| #define HAVE_UNISTD_H 1
| #define HAVE_SCHED_H 1
| #define HAVE_SYS_PRCTL_H 1
| #define HAVE_BFD_H 1
| #define HAVE_SYMBOLS 1
| #define HAVE_LIBDWARF_LIBDWARF_H 1
| #define HAVE_DWARF 1
| /* end confdefs.h.  */
| #include <stdio.h>
| #ifdef HAVE_SYS_TYPES_H
| # include <sys/types.h>
| #endif
| #ifdef HAVE_SYS_STAT_H
| # include <sys/stat.h>
| #endif
| #ifdef STDC_HEADERS
| # include <stdlib.h>
| # include <stddef.h>
| #else
| # ifdef HAVE_STDLIB_H
| #  include <stdlib.h>
| # endif
| #endif
| #ifdef HAVE_STRING_H
| # if !defined STDC_HEADERS && defined HAVE_MEMORY_H
| #  include <memory.h>
| # endif
| # include <string.h>
| #endif
| #ifdef HAVE_STRINGS_H
| # include <strings.h>
| #endif
| #ifdef HAVE_INTTYPES_H
| # include <inttypes.h>
| #endif
| #ifdef HAVE_STDINT_H
| # include <stdint.h>
| #endif
| #ifdef HAVE_UNISTD_H
| # include <unistd.h>
| #endif
| #include <vfork.h>
configure:3782: result: no
configure:3782: checking vfork.h presence
configure:3782: gcc -E  conftest.c
conftest.c:34:10: fatal error: vfork.h: No such file or directory
   34 | #include <vfork.h>
      |          ^~~~~~~~~
compilation terminated.
configure:3782: $? = 1
configure: failed program was:
| /* confdefs.h */
| #define PACKAGE_NAME "mastik"
| #define PACKAGE_TARNAME "mastik"
| #define PACKAGE_VERSION "0.02"
| #define PACKAGE_STRING "mastik 0.02"
| #define PACKAGE_BUGREPORT "yval@cs.adelaide.edu.au"
| #define PACKAGE_URL ""
| #define HAVE_LIBBFD 1
| #define HAVE_LIBELF 1
| #define HAVE_LIBDWARF 1
| #define STDC_HEADERS 1
| #define HAVE_SYS_TYPES_H 1
| #define HAVE_SYS_STAT_H 1
| #define HAVE_STDLIB_H 1
| #define HAVE_STRING_H 1
| #define HAVE_MEMORY_H 1
| #define HAVE_STRINGS_H 1
| #define HAVE_INTTYPES_H 1
| #define HAVE_STDINT_H 1
| #define HAVE_UNISTD_H 1
| #define HAVE_FCNTL_H 1
| #define HAVE_STDINT_H 1
| #define HAVE_STDLIB_H 1
| #define HAVE_STRING_H 1
| #define HAVE_STRINGS_H 1
| #define HAVE_UNISTD_H 1
| #define HAVE_SCHED_H 1
| #define HAVE_SYS_PRCTL_H 1
| #define HAVE_BFD_H 1
| #define HAVE_SYMBOLS 1
| #define HAVE_LIBDWARF_LIBDWARF_H 1
| #define HAVE_DWARF 1
| /* end confdefs.h.  */
| #include <vfork.h>
configure:3782: result: no
configure:3782: checking for vfork.h
configure:3782: result: no
configure:3795: checking for fork
configure:3795: gcc -o conftest -g -O2   conftest.c -ldwarf -lelf -lbfd  >&5
conftest.c:57:6: warning: conflicting types for built-in function 'fork'; expected 'int(void)' [-Wbuiltin-declaration-mismatch]
   57 | char fork ();
      |      ^~~~
configure:3795: $? = 0
configure:3795: result: yes
configure:3795: checking for vfork
configure:3795: gcc -o conftest -g -O2   conftest.c -ldwarf -lelf -lbfd  >&5
configure:3795: $? = 0
configure:3795: result: yes
configure:3805: checking for working fork
configure:3827: gcc -o conftest -g -O2   conftest.c -ldwarf -lelf -lbfd  >&5
configure:3827: $? = 0
configure:3827: ./conftest
configure:3827: $? = 0
configure:3837: result: yes
configure:3858: checking for working vfork
configure:3968: result: yes
configure:3995: checking for stdlib.h
configure:3995: result: yes
configure:4005: checking for GNU libc compatible malloc
configure:4029: gcc -o conftest -g -O2   conftest.c -ldwarf -lelf -lbfd  >&5
configure:4029: $? = 0
configure:4029: ./conftest
configure:4029: $? = 0
configure:4039: result: yes
configure:4066: checking for stdlib.h
configure:4066: result: yes
configure:4066: checking for unistd.h
configure:4066: result: yes
configure:4066: checking for sys/param.h
configure:4066: gcc -c -g -O2  conftest.c >&5
configure:4066: $? = 0
configure:4066: result: yes
configure:4086: checking for getpagesize
configure:4086: gcc -o conftest -g -O2   conftest.c -ldwarf -lelf -lbfd  >&5
configure:4086: $? = 0
configure:4086: result: yes
configure:4095: checking for working mmap
configure:4242: gcc -o conftest -g -O2   conftest.c -ldwarf -lelf -lbfd  >&5
configure:4242: $? = 0
configure:4242: ./conftest
configure:4242: $? = 0
configure:4252: result: yes
configure:4263: checking for stdlib.h
configure:4263: result: yes
configure:4273: checking for GNU libc compatible realloc
configure:4297: gcc -o conftest -g -O2   conftest.c -ldwarf -lelf -lbfd  >&5
configure:4297: $? = 0
configure:4297: ./conftest
configure:4297: $? = 0
configure:4307: result: yes
configure:4331: checking for bzero
configure:4331: gcc -o conftest -g -O2   conftest.c -ldwarf -lelf -lbfd  >&5
conftest.c:70:6: warning: conflicting types for built-in function 'bzero'; expected 'void(void *, long unsigned int)' [-Wbuiltin-declaration-mismatch]
   70 | char bzero ();
      |      ^~~~~
configure:4331: $? = 0
configure:4331: result: yes
configure:4331: checking for memset
configure:4331: gcc -o conftest -g -O2   conftest.c -ldwarf -lelf -lbfd  >&5
conftest.c:71:6: warning: conflicting types for built-in function 'memset'; expected 'void *(void *, int,  long unsigned int)' [-Wbuiltin-declaration-mismatch]
   71 | char memset ();
      |      ^~~~~~
conftest.c:59:1: note: 'memset' is declared in header '<string.h>'
   58 | # include <limits.h>
   59 | #else
configure:4331: $? = 0
configure:4331: result: yes
configure:4331: checking for munmap
configure:4331: gcc -o conftest -g -O2   conftest.c -ldwarf -lelf -lbfd  >&5
configure:4331: $? = 0
configure:4331: result: yes
configure:4331: checking for strchr
configure:4331: gcc -o conftest -g -O2   conftest.c -ldwarf -lelf -lbfd  >&5
conftest.c:73:6: warning: conflicting types for built-in function 'strchr'; expected 'char *(const char *, int)' [-Wbuiltin-declaration-mismatch]
   73 | char strchr ();
      |      ^~~~~~
conftest.c:61:1: note: 'strchr' is declared in header '<string.h>'
   60 | # include <limits.h>
   61 | #else
configure:4331: $? = 0
configure:4331: result: yes
configure:4331: checking for strdup
configure:4331: gcc -o conftest -g -O2   conftest.c -ldwarf -lelf -lbfd  >&5
conftest.c:74:6: warning: conflicting types for built-in function 'strdup'; expected 'char *(const char *)' [-Wbuiltin-declaration-mismatch]
   74 | char strdup ();
      |      ^~~~~~
configure:4331: $? = 0
configure:4331: result: yes
configure:4331: checking for strtoul
configure:4331: gcc -o conftest -g -O2   conftest.c -ldwarf -lelf -lbfd  >&5
configure:4331: $? = 0
configure:4331: result: yes
configure:4331: checking for strtoull
configure:4331: gcc -o conftest -g -O2   conftest.c -ldwarf -lelf -lbfd  >&5
configure:4331: $? = 0
configure:4331: result: yes
configure:4331: checking for uname
configure:4331: gcc -o conftest -g -O2   conftest.c -ldwarf -lelf -lbfd  >&5
configure:4331: $? = 0
configure:4331: result: yes
configure:4343: checking for mmap64
configure:4343: gcc -o conftest -g -O2   conftest.c -ldwarf -lelf -lbfd  >&5
configure:4343: $? = 0
configure:4343: result: yes
configure:4343: checking for sched_setaffinity
configure:4343: gcc -o conftest -g -O2   conftest.c -ldwarf -lelf -lbfd  >&5
configure:4343: $? = 0
configure:4343: result: yes
configure:4468: creating ./config.status

## ---------------------- ##
## Running config.status. ##
## ---------------------- ##

This file was extended by mastik config.status 0.02, which was
generated by GNU Autoconf 2.69.  Invocation command line was

  CONFIG_FILES    = 
  CONFIG_HEADERS  = 
  CONFIG_LINKS    = 
  CONFIG_COMMANDS = 
  $ ./config.status 

on i7-9700k

config.status:834: creating Makefile
config.status:834: creating src/Makefile
config.status:834: creating demo/Makefile
config.status:834: creating src/config.h
config.status:1004: src/config.h is unchanged

## ---------------- ##
## Cache variables. ##
## ---------------- ##

ac_cv_c_compiler_gnu=yes
ac_cv_c_inline=inline
ac_cv_c_int16_t=yes
ac_cv_c_uint16_t=yes
ac_cv_c_uint32_t=yes
ac_cv_c_uint64_t=yes
ac_cv_c_uint8_t=yes
ac_cv_env_CC_set=
ac_cv_env_CC_value=
ac_cv_env_CFLAGS_set=
ac_cv_env_CFLAGS_value=
ac_cv_env_CPPFLAGS_set=
ac_cv_env_CPPFLAGS_value=
ac_cv_env_CPP_set=
ac_cv_env_CPP_value=
ac_cv_env_LDFLAGS_set=
ac_cv_env_LDFLAGS_value=
ac_cv_env_LIBS_set=
ac_cv_env_LIBS_value=
ac_cv_env_build_alias_set=
ac_cv_env_build_alias_value=
ac_cv_env_host_alias_set=
ac_cv_env_host_alias_value=
ac_cv_env_target_alias_set=
ac_cv_env_target_alias_value=
ac_cv_func_bzero=yes
ac_cv_func_fork=yes
ac_cv_func_fork_works=yes
ac_cv_func_getpagesize=yes
ac_cv_func_malloc_0_nonnull=yes
ac_cv_func_memset=yes
ac_cv_func_mmap64=yes
ac_cv_func_mmap_fixed_mapped=yes
ac_cv_func_munmap=yes
ac_cv_func_realloc_0_nonnull=yes
ac_cv_func_sched_setaffinity=yes
ac_cv_func_strchr=yes
ac_cv_func_strdup=yes
ac_cv_func_strtoul=yes
ac_cv_func_strtoull=yes
ac_cv_func_uname=yes
ac_cv_func_vfork=yes
ac_cv_func_vfork_works=yes
ac_cv_header_bfd_h=yes
ac_cv_header_fcntl_h=yes
ac_cv_header_inttypes_h=yes
ac_cv_header_libdwarf_h=no
ac_cv_header_libdwarf_libdwarf_h=yes
ac_cv_header_memory_h=yes
ac_cv_header_sched_h=yes
ac_cv_header_stdc=yes
ac_cv_header_stdint_h=yes
ac_cv_header_stdlib_h=yes
ac_cv_header_string_h=yes
ac_cv_header_strings_h=yes
ac_cv_header_sys_param_h=yes
ac_cv_header_sys_prctl_h=yes
ac_cv_header_sys_stat_h=yes
ac_cv_header_sys_types_h=yes
ac_cv_header_unistd_h=yes
ac_cv_header_vfork_h=no
ac_cv_lib_bfd_bfd_init=yes
ac_cv_lib_dwarf_dwarf_init=yes
ac_cv_lib_elf_elf_version=yes
ac_cv_objext=o
ac_cv_path_EGREP='/bin/grep -E'
ac_cv_path_GREP=/bin/grep
ac_cv_prog_CPP='gcc -E'
ac_cv_prog_ac_ct_CC=gcc
ac_cv_prog_cc_c89=
ac_cv_prog_cc_g=yes
ac_cv_type_pid_t=yes
ac_cv_type_size_t=yes

## ----------------- ##
## Output variables. ##
## ----------------- ##

CC='gcc'
CFLAGS='-g -O2'
CPP='gcc -E'
CPPFLAGS=''
DEFS='-DHAVE_CONFIG_H'
ECHO_C=''
ECHO_N='-n'
ECHO_T=''
EGREP='/bin/grep -E'
EXEEXT=''
GREP='/bin/grep'
LDFLAGS=''
LIBOBJS=''
LIBS='-ldwarf -lelf -lbfd '
LTLIBOBJS=''
OBJEXT='o'
PACKAGE_BUGREPORT='yval@cs.adelaide.edu.au'
PACKAGE_NAME='mastik'
PACKAGE_STRING='mastik 0.02'
PACKAGE_TARNAME='mastik'
PACKAGE_URL=''
PACKAGE_VERSION='0.02'
PATH_SEPARATOR=':'
SHELL='/bin/bash'
SYMBOL_SRCS='symbol_bfd.c'
ac_ct_CC='gcc'
bindir='${exec_prefix}/bin'
build_alias=''
datadir='${datarootdir}'
datarootdir='${prefix}/share'
docdir='${datarootdir}/doc/${PACKAGE_TARNAME}'
dvidir='${docdir}'
exec_prefix='${prefix}'
host_alias=''
htmldir='${docdir}'
includedir='${prefix}/include'
infodir='${datarootdir}/info'
libdir='${exec_prefix}/lib'
libexecdir='${exec_prefix}/libexec'
localedir='${datarootdir}/locale'
localstatedir='${prefix}/var'
mandir='${datarootdir}/man'
oldincludedir='/usr/include'
pdfdir='${docdir}'
prefix='/usr/local'
program_transform_name='s,x,x,'
psdir='${docdir}'
sbindir='${exec_prefix}/sbin'
sharedstatedir='${prefix}/com'
sysconfdir='${prefix}/etc'
target_alias=''

## ----------- ##
## confdefs.h. ##
## ----------- ##

/* confdefs.h */
#define PACKAGE_NAME "mastik"
#define PACKAGE_TARNAME "mastik"
#define PACKAGE_VERSION "0.02"
#define PACKAGE_STRING "mastik 0.02"
#define PACKAGE_BUGREPORT "yval@cs.adelaide.edu.au"
#define PACKAGE_URL ""
#define HAVE_LIBBFD 1
#define HAVE_LIBELF 1
#define HAVE_LIBDWARF 1
#define STDC_HEADERS 1
#define HAVE_SYS_TYPES_H 1
#define HAVE_SYS_STAT_H 1
#define HAVE_STDLIB_H 1
#define HAVE_STRING_H 1
#define HAVE_MEMORY_H 1
#define HAVE_STRINGS_H 1
#define HAVE_INTTYPES_H 1
#define HAVE_STDINT_H 1
#define HAVE_UNISTD_H 1
#define HAVE_FCNTL_H 1
#define HAVE_STDINT_H 1
#define HAVE_STDLIB_H 1
#define HAVE_STRING_H 1
#define HAVE_STRINGS_H 1
#define HAVE_UNISTD_H 1
#define HAVE_SCHED_H 1
#define HAVE_SYS_PRCTL_H 1
#define HAVE_BFD_H 1
#define HAVE_SYMBOLS 1
#define HAVE_LIBDWARF_LIBDWARF_H 1
#define HAVE_DWARF 1
#define HAVE_FORK 1
#define HAVE_VFORK 1
#define HAVE_WORKING_VFORK 1
#define HAVE_WORKING_FORK 1
#define HAVE_STDLIB_H 1
#define HAVE_MALLOC 1
#define HAVE_STDLIB_H 1
#define HAVE_UNISTD_H 1
#define HAVE_SYS_PARAM_H 1
#define HAVE_GETPAGESIZE 1
#define HAVE_MMAP 1
#define HAVE_STDLIB_H 1
#define HAVE_REALLOC 1
#define HAVE_BZERO 1
#define HAVE_MEMSET 1
#define HAVE_MUNMAP 1
#define HAVE_STRCHR 1
#define HAVE_STRDUP 1
#define HAVE_STRTOUL 1
#define HAVE_STRTOULL 1
#define HAVE_UNAME 1
#define HAVE_MMAP64 1
#define HAVE_SCHED_SETAFFINITY 1

configure: exit 0
